<?xml version="1.0" encoding="UTF-8"?>
<!-- Generated by org.testng.reporters.JUnitReportReporter -->
<testsuite skipped="0" hostname="UT-CPU-225" name="org.honeywell.Trace.driver.DriverScript" tests="1" failures="0" timestamp="28 Jan 2019 07:11:02 GMT" time="142.866" errors="0">
  <testcase name="runTest" time="142.866" classname="org.honeywell.Trace.driver.DriverScript"/>
</testsuite> <!-- org.honeywell.Trace.driver.DriverScript -->
